#
# There is insufficient memory for the Java Runtime Environment to continue.
# Native memory allocation (malloc) failed to allocate 824928 bytes for Chunk::new
# Possible reasons:
#   The system is out of physical RAM or swap space
#   The process is running with CompressedOops enabled, and the Java Heap may be blocking the growth of the native heap
# Possible solutions:
#   Reduce memory load on the system
#   Increase physical memory or swap space
#   Check if swap backing store is full
#   Decrease Java heap size (-Xmx/-Xms)
#   Decrease number of Java threads
#   Decrease Java thread stack sizes (-Xss)
#   Set larger code cache with -XX:ReservedCodeCacheSize=
#   JVM is running with Unscaled Compressed Oops mode in which the Java heap is
#     placed in the first 4GB address space. The Java Heap base address is the
#     maximum limit for the native heap growth. Please use -XX:HeapBaseMinAddress
#     to set the Java Heap base and to place the Java Heap above 4GB virtual address.
# This output file may be truncated or incomplete.
#
#  Out of Memory Error (arena.cpp:189), pid=15680, tid=20356
#
# JRE version: Java(TM) SE Runtime Environment (17.0.2+8) (build 17.0.2+8-LTS-86)
# Java VM: Java HotSpot(TM) 64-Bit Server VM (17.0.2+8-LTS-86, mixed mode, sharing, tiered, compressed oops, compressed class ptrs, g1 gc, windows-amd64)
# No core dump will be written. Minidumps are not enabled by default on client versions of Windows
#

---------------  S U M M A R Y ------------

Command Line: --add-opens=java.base/java.util=ALL-UNNAMED --add-opens=java.base/java.lang=ALL-UNNAMED --add-opens=java.base/java.lang.invoke=ALL-UNNAMED --add-opens=java.base/java.util=ALL-UNNAMED --add-opens=java.prefs/java.util.prefs=ALL-UNNAMED --add-opens=java.prefs/java.util.prefs=ALL-UNNAMED --add-opens=java.base/java.nio.charset=ALL-UNNAMED --add-opens=java.base/java.net=ALL-UNNAMED --add-opens=java.base/java.util.concurrent.atomic=ALL-UNNAMED -Xmx1536m -Dfile.encoding=utf8 -Duser.country=DZ -Duser.language=ar -Duser.variant org.gradle.launcher.daemon.bootstrap.GradleDaemon 7.4.2

Host: AMD Ryzen 5 3350G with Radeon Vega Graphics    , 8 cores, 5G,  Windows 10 , 64 bit Build 19041 (10.0.19041.2546)
Time: Fri Mar  3 22:04:32 2023  Windows 10 , 64 bit Build 19041 (10.0.19041.2546) elapsed time: 17.717911 seconds (0d 0h 0m 17s)

---------------  T H R E A D  ---------------

Current thread (0x0000025a43bed030):  JavaThread "C2 CompilerThread0" daemon [_thread_in_native, id=20356, stack(0x000000b193100000,0x000000b193200000)]


Current CompileTask:
C2:  17718 5769       4       java.util.zip.ZipFile$Source::initCEN (591 bytes)

Stack: [0x000000b193100000,0x000000b193200000]
Native frames: (J=compiled Java code, j=interpreted, Vv=VM code, C=native code)
V  [jvm.dll+0x670baa]
V  [jvm.dll+0x7cfcb4]
V  [jvm.dll+0x7d145e]
V  [jvm.dll+0x7d1ac3]
V  [jvm.dll+0x242bc5]
V  [jvm.dll+0xaa57b]
V  [jvm.dll+0xaab0c]
V  [jvm.dll+0x35fd07]
V  [jvm.dll+0x32a331]
V  [jvm.dll+0x3297da]
V  [jvm.dll+0x215c91]
V  [jvm.dll+0x2150b1]
V  [jvm.dll+0x1a1bbd]
V  [jvm.dll+0x224908]
V  [jvm.dll+0x222a6c]
V  [jvm.dll+0x7859bb]
V  [jvm.dll+0x77ff7a]
V  [jvm.dll+0x66fa35]
C  [ucrtbase.dll+0x21bb2]
C  [KERNEL32.DLL+0x17614]
C  [ntdll.dll+0x526a1]


---------------  P R O C E S S  ---------------

Threads class SMR info:
_java_thread_list=0x0000025a486dd370, length=123, elements={
0x0000025a26d8a980, 0x0000025a43bbe6b0, 0x0000025a43bc1be0, 0x0000025a43bd94d0,
0x0000025a43bdbda0, 0x0000025a43bdd620, 0x0000025a43bde680, 0x0000025a43bed030,
0x0000025a43bf4170, 0x0000025a43bfee60, 0x0000025a44897ff0, 0x0000025a4489a8e0,
0x0000025a465d4a80, 0x0000025a465d6290, 0x0000025a465d45b0, 0x0000025a465d6760,
0x0000025a465d40e0, 0x0000025a465d5dc0, 0x0000025a465d6c30, 0x0000025a465d4f50,
0x0000025a465d7100, 0x0000025a465d3740, 0x0000025a465d3c10, 0x0000025a465d5420,
0x0000025a465d58f0, 0x0000025a47165d90, 0x0000025a471653f0, 0x0000025a471670d0,
0x0000025a47168db0, 0x0000025a471688e0, 0x0000025a471658c0, 0x0000025a47166730,
0x0000025a47166c00, 0x0000025a471675a0, 0x0000025a47168410, 0x0000025a44cd33f0,
0x0000025a44cd6410, 0x0000025a44cd20b0, 0x0000025a44cd4c00, 0x0000025a44cd7280,
0x0000025a44cd2a50, 0x0000025a44cd55a0, 0x0000025a44cd38c0, 0x0000025a44cd5a70,
0x0000025a44cd1240, 0x0000025a44cd3d90, 0x0000025a44cd4260, 0x0000025a44cd1710,
0x0000025a44cd1be0, 0x0000025a44cd2580, 0x0000025a44cd7c20, 0x0000025a44cd5f40,
0x0000025a44cd2f20, 0x0000025a44cd80f0, 0x0000025a44cd68e0, 0x0000025a44cd6db0,
0x0000025a44cd85c0, 0x0000025a44cd0d70, 0x0000025a483e5e90, 0x0000025a483e9380,
0x0000025a483e9850, 0x0000025a483e7b70, 0x0000025a483e6360, 0x0000025a483e3ce0,
0x0000025a483e9d20, 0x0000025a483e41b0, 0x0000025a483e71d0, 0x0000025a483e8040,
0x0000025a483e8510, 0x0000025a483e4b50, 0x0000025a483e29a0, 0x0000025a483e3810,
0x0000025a483e5020, 0x0000025a483e2e70, 0x0000025a483e89e0, 0x0000025a483e6830,
0x0000025a483e76a0, 0x0000025a483e4680, 0x0000025a483e8eb0, 0x0000025a483ea1f0,
0x0000025a483e54f0, 0x0000025a483e3340, 0x0000025a483e59c0, 0x0000025a483e6d00,
0x0000025a45fac690, 0x0000025a45faae80, 0x0000025a45fac1c0, 0x0000025a45fae370,
0x0000025a45fae840, 0x0000025a45fad9d0, 0x0000025a45facb60, 0x0000025a45fabcf0,
0x0000025a45fab350, 0x0000025a45fab820, 0x0000025a45fad030, 0x0000025a45fad500,
0x0000025a45fadea0, 0x0000025a44bf0550, 0x0000025a44bf13c0, 0x0000025a44bf1890,
0x0000025a44bf2bd0, 0x0000025a44bef6e0, 0x0000025a44bf0a20, 0x0000025a44bf5720,
0x0000025a44bf0ef0, 0x0000025a44bf5bf0, 0x0000025a44bf1d60, 0x0000025a44bf6590,
0x0000025a44bf2230, 0x0000025a44bf6a60, 0x0000025a44bf2700, 0x0000025a44bf30a0,
0x0000025a44bf6f30, 0x0000025a44befbb0, 0x0000025a44bf3570, 0x0000025a44bf3a40,
0x0000025a44bf3f10, 0x0000025a44bf0080, 0x0000025a44bf43e0, 0x0000025a44bf48b0,
0x0000025a44bf4d80, 0x0000025a44bf5250, 0x0000025a44bf60c0
}

Java Threads: ( => current thread )
  0x0000025a26d8a980 JavaThread "main" [_thread_blocked, id=1176, stack(0x000000b192400000,0x000000b192500000)]
  0x0000025a43bbe6b0 JavaThread "Reference Handler" daemon [_thread_blocked, id=16788, stack(0x000000b192b00000,0x000000b192c00000)]
  0x0000025a43bc1be0 JavaThread "Finalizer" daemon [_thread_blocked, id=3368, stack(0x000000b192c00000,0x000000b192d00000)]
  0x0000025a43bd94d0 JavaThread "Signal Dispatcher" daemon [_thread_blocked, id=10392, stack(0x000000b192d00000,0x000000b192e00000)]
  0x0000025a43bdbda0 JavaThread "Attach Listener" daemon [_thread_blocked, id=15592, stack(0x000000b192e00000,0x000000b192f00000)]
  0x0000025a43bdd620 JavaThread "Service Thread" daemon [_thread_blocked, id=10120, stack(0x000000b192f00000,0x000000b193000000)]
  0x0000025a43bde680 JavaThread "Monitor Deflation Thread" daemon [_thread_blocked, id=8712, stack(0x000000b193000000,0x000000b193100000)]
=>0x0000025a43bed030 JavaThread "C2 CompilerThread0" daemon [_thread_in_native, id=20356, stack(0x000000b193100000,0x000000b193200000)]
  0x0000025a43bf4170 JavaThread "C1 CompilerThread0" daemon [_thread_blocked, id=15824, stack(0x000000b193200000,0x000000b193300000)]
  0x0000025a43bfee60 JavaThread "Sweeper thread" daemon [_thread_blocked, id=8700, stack(0x000000b193300000,0x000000b193400000)]
  0x0000025a44897ff0 JavaThread "Common-Cleaner" daemon [_thread_blocked, id=13308, stack(0x000000b193400000,0x000000b193500000)]
  0x0000025a4489a8e0 JavaThread "Notification Thread" daemon [_thread_blocked, id=5016, stack(0x000000b193500000,0x000000b193600000)]
  0x0000025a465d4a80 JavaThread "Daemon health stats" [_thread_blocked, id=19360, stack(0x000000b193c00000,0x000000b193d00000)]
  0x0000025a465d6290 JavaThread "Incoming local TCP Connector on port 51863" [_thread_in_native, id=15280, stack(0x000000b193700000,0x000000b193800000)]
  0x0000025a465d45b0 JavaThread "Daemon periodic checks" [_thread_blocked, id=8292, stack(0x000000b193d00000,0x000000b193e00000)]
  0x0000025a465d6760 JavaThread "Daemon" [_thread_blocked, id=8584, stack(0x000000b193e00000,0x000000b193f00000)]
  0x0000025a465d40e0 JavaThread "Handler for socket connection from /127.0.0.1:51863 to /127.0.0.1:51865" [_thread_in_native, id=4776, stack(0x000000b193f00000,0x000000b194000000)]
  0x0000025a465d5dc0 JavaThread "Cancel handler" [_thread_blocked, id=13292, stack(0x000000b194000000,0x000000b194100000)]
  0x0000025a465d6c30 JavaThread "Daemon worker" [_thread_in_native, id=21636, stack(0x000000b194100000,0x000000b194200000)]
  0x0000025a465d4f50 JavaThread "Asynchronous log dispatcher for DefaultDaemonConnection: socket connection from /127.0.0.1:51863 to /127.0.0.1:51865" [_thread_blocked, id=18484, stack(0x000000b194200000,0x000000b194300000)]
  0x0000025a465d7100 JavaThread "Stdin handler" [_thread_blocked, id=22036, stack(0x000000b194300000,0x000000b194400000)]
  0x0000025a465d3740 JavaThread "Daemon client event forwarder" [_thread_blocked, id=1240, stack(0x000000b194400000,0x000000b194500000)]
  0x0000025a465d3c10 JavaThread "Cache worker for journal cache (C:\Users\DJELFA SHOP\.gradle\caches\journal-1)" [_thread_blocked, id=15704, stack(0x000000b194500000,0x000000b194600000)]
  0x0000025a465d5420 JavaThread "File lock request listener" [_thread_in_native, id=15052, stack(0x000000b194600000,0x000000b194700000)]
  0x0000025a465d58f0 JavaThread "Cache worker for file hash cache (C:\Users\DJELFA SHOP\.gradle\caches\7.4.2\fileHashes)" [_thread_blocked, id=12340, stack(0x000000b194700000,0x000000b194800000)]
  0x0000025a47165d90 JavaThread "File watcher server" daemon [_thread_in_native, id=6724, stack(0x000000b194c00000,0x000000b194d00000)]
  0x0000025a471653f0 JavaThread "File watcher consumer" daemon [_thread_blocked, id=9932, stack(0x000000b194d00000,0x000000b194e00000)]
  0x0000025a471670d0 JavaThread "Cache worker for checksums cache (C:\Users\DJELFA SHOP\YZapp\android\.gradle\7.4.2\checksums)" [_thread_blocked, id=4748, stack(0x000000b194f00000,0x000000b195000000)]
  0x0000025a47168db0 JavaThread "Cache worker for cache directory md-rule (C:\Users\DJELFA SHOP\.gradle\caches\7.4.2\md-rule)" [_thread_blocked, id=20420, stack(0x000000b195000000,0x000000b195100000)]
  0x0000025a471688e0 JavaThread "Cache worker for file hash cache (C:\Users\DJELFA SHOP\YZapp\android\.gradle\7.4.2\fileHashes)" [_thread_blocked, id=8044, stack(0x000000b194e00000,0x000000b194f00000)]
  0x0000025a471658c0 JavaThread "Cache worker for cache directory md-supplier (C:\Users\DJELFA SHOP\.gradle\caches\7.4.2\md-supplier)" [_thread_blocked, id=16480, stack(0x000000b195100000,0x000000b195200000)]
  0x0000025a47166730 JavaThread "Cache worker for execution history cache (C:\Users\DJELFA SHOP\.gradle\caches\7.4.2\executionHistory)" [_thread_blocked, id=14936, stack(0x000000b195200000,0x000000b195300000)]
  0x0000025a47166c00 JavaThread "jar transforms" [_thread_blocked, id=11992, stack(0x000000b195400000,0x000000b195500000)]
  0x0000025a471675a0 JavaThread "jar transforms Thread 2" [_thread_blocked, id=3740, stack(0x000000b195500000,0x000000b195600000)]
  0x0000025a47168410 JavaThread "Cache worker for file content cache (C:\Users\DJELFA SHOP\.gradle\caches\7.4.2\fileContent)" [_thread_blocked, id=7676, stack(0x000000b195700000,0x000000b195800000)]
  0x0000025a44cd33f0 JavaThread "jar transforms Thread 3" [_thread_blocked, id=5636, stack(0x000000b195300000,0x000000b195400000)]
  0x0000025a44cd6410 JavaThread "jar transforms Thread 4" [_thread_blocked, id=3348, stack(0x000000b195600000,0x000000b195700000)]
  0x0000025a44cd20b0 JavaThread "jar transforms Thread 5" [_thread_blocked, id=8140, stack(0x000000b195900000,0x000000b195a00000)]
  0x0000025a44cd4c00 JavaThread "jar transforms Thread 6" [_thread_blocked, id=13620, stack(0x000000b195a00000,0x000000b195b00000)]
  0x0000025a44cd7280 JavaThread "Cache worker for dependencies-accessors (C:\Users\DJELFA SHOP\YZapp\android\.gradle\7.4.2\dependencies-accessors)" [_thread_blocked, id=944, stack(0x000000b195b00000,0x000000b195c00000)]
  0x0000025a44cd2a50 JavaThread "jar transforms Thread 7" [_thread_blocked, id=1752, stack(0x000000b195c00000,0x000000b195d00000)]
  0x0000025a44cd55a0 JavaThread "Cache worker for Build Output Cleanup Cache (C:\Users\DJELFA SHOP\YZapp\android\.gradle\buildOutputCleanup)" [_thread_blocked, id=9400, stack(0x000000b195800000,0x000000b195900000)]
  0x0000025a44cd38c0 JavaThread "Unconstrained build operations" [_thread_blocked, id=14376, stack(0x000000b195e00000,0x000000b195f00000)]
  0x0000025a44cd5a70 JavaThread "Unconstrained build operations Thread 2" [_thread_blocked, id=22108, stack(0x000000b195f00000,0x000000b196000000)]
  0x0000025a44cd1240 JavaThread "Unconstrained build operations Thread 3" [_thread_blocked, id=20596, stack(0x000000b196000000,0x000000b196100000)]
  0x0000025a44cd3d90 JavaThread "Unconstrained build operations Thread 4" [_thread_blocked, id=9576, stack(0x000000b196100000,0x000000b196200000)]
  0x0000025a44cd4260 JavaThread "Unconstrained build operations Thread 5" [_thread_blocked, id=19896, stack(0x000000b196200000,0x000000b196300000)]
  0x0000025a44cd1710 JavaThread "Unconstrained build operations Thread 6" [_thread_blocked, id=12612, stack(0x000000b196300000,0x000000b196400000)]
  0x0000025a44cd1be0 JavaThread "Unconstrained build operations Thread 7" [_thread_blocked, id=13172, stack(0x000000b196400000,0x000000b196500000)]
  0x0000025a44cd2580 JavaThread "Unconstrained build operations Thread 8" [_thread_blocked, id=284, stack(0x000000b196500000,0x000000b196600000)]
  0x0000025a44cd7c20 JavaThread "Unconstrained build operations Thread 9" [_thread_blocked, id=11784, stack(0x000000b196600000,0x000000b196700000)]
  0x0000025a44cd5f40 JavaThread "Unconstrained build operations Thread 10" [_thread_blocked, id=5588, stack(0x000000b196700000,0x000000b196800000)]
  0x0000025a44cd2f20 JavaThread "Unconstrained build operations Thread 11" [_thread_blocked, id=18592, stack(0x000000b196800000,0x000000b196900000)]
  0x0000025a44cd80f0 JavaThread "Unconstrained build operations Thread 12" [_thread_blocked, id=896, stack(0x000000b196900000,0x000000b196a00000)]
  0x0000025a44cd68e0 JavaThread "Unconstrained build operations Thread 13" [_thread_blocked, id=18920, stack(0x000000b196a00000,0x000000b196b00000)]
  0x0000025a44cd6db0 JavaThread "Unconstrained build operations Thread 14" [_thread_blocked, id=11960, stack(0x000000b196b00000,0x000000b196c00000)]
  0x0000025a44cd85c0 JavaThread "Unconstrained build operations Thread 15" [_thread_blocked, id=20208, stack(0x000000b196c00000,0x000000b196d00000)]
  0x0000025a44cd0d70 JavaThread "Unconstrained build operations Thread 16" [_thread_blocked, id=17668, stack(0x000000b196d00000,0x000000b196e00000)]
  0x0000025a483e5e90 JavaThread "Unconstrained build operations Thread 17" [_thread_blocked, id=4972, stack(0x000000b196e00000,0x000000b196f00000)]
  0x0000025a483e9380 JavaThread "Unconstrained build operations Thread 18" [_thread_blocked, id=20084, stack(0x000000b196f00000,0x000000b197000000)]
  0x0000025a483e9850 JavaThread "Unconstrained build operations Thread 19" [_thread_blocked, id=17576, stack(0x000000b197000000,0x000000b197100000)]
  0x0000025a483e7b70 JavaThread "Unconstrained build operations Thread 20" [_thread_blocked, id=20332, stack(0x000000b197100000,0x000000b197200000)]
  0x0000025a483e6360 JavaThread "Unconstrained build operations Thread 21" [_thread_blocked, id=9000, stack(0x000000b197200000,0x000000b197300000)]
  0x0000025a483e3ce0 JavaThread "Unconstrained build operations Thread 22" [_thread_blocked, id=2520, stack(0x000000b197300000,0x000000b197400000)]
  0x0000025a483e9d20 JavaThread "Unconstrained build operations Thread 23" [_thread_blocked, id=17884, stack(0x000000b197400000,0x000000b197500000)]
  0x0000025a483e41b0 JavaThread "Unconstrained build operations Thread 24" [_thread_blocked, id=1896, stack(0x000000b197500000,0x000000b197600000)]
  0x0000025a483e71d0 JavaThread "Unconstrained build operations Thread 25" [_thread_blocked, id=10176, stack(0x000000b197600000,0x000000b197700000)]
  0x0000025a483e8040 JavaThread "Unconstrained build operations Thread 26" [_thread_blocked, id=15396, stack(0x000000b197700000,0x000000b197800000)]
  0x0000025a483e8510 JavaThread "Unconstrained build operations Thread 27" [_thread_blocked, id=12584, stack(0x000000b197800000,0x000000b197900000)]
  0x0000025a483e4b50 JavaThread "Unconstrained build operations Thread 28" [_thread_blocked, id=11836, stack(0x000000b197900000,0x000000b197a00000)]
  0x0000025a483e29a0 JavaThread "Unconstrained build operations Thread 29" [_thread_blocked, id=13348, stack(0x000000b197a00000,0x000000b197b00000)]
  0x0000025a483e3810 JavaThread "Unconstrained build operations Thread 30" [_thread_blocked, id=4400, stack(0x000000b197b00000,0x000000b197c00000)]
  0x0000025a483e5020 JavaThread "Unconstrained build operations Thread 31" [_thread_blocked, id=10988, stack(0x000000b197c00000,0x000000b197d00000)]
  0x0000025a483e2e70 JavaThread "Unconstrained build operations Thread 32" [_thread_blocked, id=8112, stack(0x000000b197d00000,0x000000b197e00000)]
  0x0000025a483e89e0 JavaThread "Unconstrained build operations Thread 33" [_thread_blocked, id=13512, stack(0x000000b197e00000,0x000000b197f00000)]
  0x0000025a483e6830 JavaThread "Unconstrained build operations Thread 34" [_thread_blocked, id=10288, stack(0x000000b197f00000,0x000000b198000000)]
  0x0000025a483e76a0 JavaThread "Unconstrained build operations Thread 35" [_thread_blocked, id=17452, stack(0x000000b198000000,0x000000b198100000)]
  0x0000025a483e4680 JavaThread "Unconstrained build operations Thread 36" [_thread_blocked, id=4492, stack(0x000000b198100000,0x000000b198200000)]
  0x0000025a483e8eb0 JavaThread "Unconstrained build operations Thread 37" [_thread_blocked, id=15720, stack(0x000000b198200000,0x000000b198300000)]
  0x0000025a483ea1f0 JavaThread "Unconstrained build operations Thread 38" [_thread_blocked, id=2456, stack(0x000000b198300000,0x000000b198400000)]
  0x0000025a483e54f0 JavaThread "Unconstrained build operations Thread 39" [_thread_blocked, id=14128, stack(0x000000b198400000,0x000000b198500000)]
  0x0000025a483e3340 JavaThread "Unconstrained build operations Thread 40" [_thread_blocked, id=15912, stack(0x000000b198500000,0x000000b198600000)]
  0x0000025a483e59c0 JavaThread "Unconstrained build operations Thread 41" [_thread_blocked, id=19296, stack(0x000000b198600000,0x000000b198700000)]
  0x0000025a483e6d00 JavaThread "Unconstrained build operations Thread 42" [_thread_blocked, id=7920, stack(0x000000b198700000,0x000000b198800000)]
  0x0000025a45fac690 JavaThread "Unconstrained build operations Thread 43" [_thread_blocked, id=18000, stack(0x000000b198800000,0x000000b198900000)]
  0x0000025a45faae80 JavaThread "Unconstrained build operations Thread 44" [_thread_blocked, id=23364, stack(0x000000b198900000,0x000000b198a00000)]
  0x0000025a45fac1c0 JavaThread "Unconstrained build operations Thread 45" [_thread_blocked, id=2388, stack(0x000000b198a00000,0x000000b198b00000)]
  0x0000025a45fae370 JavaThread "Unconstrained build operations Thread 46" [_thread_blocked, id=5440, stack(0x000000b198b00000,0x000000b198c00000)]
  0x0000025a45fae840 JavaThread "Unconstrained build operations Thread 47" [_thread_blocked, id=924, stack(0x000000b198c00000,0x000000b198d00000)]
  0x0000025a45fad9d0 JavaThread "Unconstrained build operations Thread 48" [_thread_blocked, id=13428, stack(0x000000b198d00000,0x000000b198e00000)]
  0x0000025a45facb60 JavaThread "Unconstrained build operations Thread 49" [_thread_blocked, id=2376, stack(0x000000b198e00000,0x000000b198f00000)]
  0x0000025a45fabcf0 JavaThread "Unconstrained build operations Thread 50" [_thread_blocked, id=12884, stack(0x000000b198f00000,0x000000b199000000)]
  0x0000025a45fab350 JavaThread "Unconstrained build operations Thread 51" [_thread_blocked, id=3836, stack(0x000000b199000000,0x000000b199100000)]
  0x0000025a45fab820 JavaThread "Unconstrained build operations Thread 52" [_thread_blocked, id=22568, stack(0x000000b199100000,0x000000b199200000)]
  0x0000025a45fad030 JavaThread "Unconstrained build operations Thread 53" [_thread_blocked, id=15608, stack(0x000000b199200000,0x000000b199300000)]
  0x0000025a45fad500 JavaThread "Unconstrained build operations Thread 54" [_thread_blocked, id=12484, stack(0x000000b199300000,0x000000b199400000)]
  0x0000025a45fadea0 JavaThread "Unconstrained build operations Thread 55" [_thread_blocked, id=22348, stack(0x000000b199400000,0x000000b199500000)]
  0x0000025a44bf0550 JavaThread "Unconstrained build operations Thread 56" [_thread_blocked, id=14020, stack(0x000000b199500000,0x000000b199600000)]
  0x0000025a44bf13c0 JavaThread "Unconstrained build operations Thread 57" [_thread_blocked, id=18896, stack(0x000000b199600000,0x000000b199700000)]
  0x0000025a44bf1890 JavaThread "Unconstrained build operations Thread 58" [_thread_blocked, id=12272, stack(0x000000b199700000,0x000000b199800000)]
  0x0000025a44bf2bd0 JavaThread "Unconstrained build operations Thread 59" [_thread_blocked, id=16140, stack(0x000000b199800000,0x000000b199900000)]
  0x0000025a44bef6e0 JavaThread "Unconstrained build operations Thread 60" [_thread_blocked, id=15180, stack(0x000000b199900000,0x000000b199a00000)]
  0x0000025a44bf0a20 JavaThread "Unconstrained build operations Thread 61" [_thread_blocked, id=19204, stack(0x000000b199a00000,0x000000b199b00000)]
  0x0000025a44bf5720 JavaThread "Unconstrained build operations Thread 62" [_thread_blocked, id=13564, stack(0x000000b199b00000,0x000000b199c00000)]
  0x0000025a44bf0ef0 JavaThread "Unconstrained build operations Thread 63" [_thread_blocked, id=11124, stack(0x000000b199c00000,0x000000b199d00000)]
  0x0000025a44bf5bf0 JavaThread "Unconstrained build operations Thread 64" [_thread_blocked, id=2316, stack(0x000000b199d00000,0x000000b199e00000)]
  0x0000025a44bf1d60 JavaThread "Unconstrained build operations Thread 65" [_thread_blocked, id=22076, stack(0x000000b199e00000,0x000000b199f00000)]
  0x0000025a44bf6590 JavaThread "Unconstrained build operations Thread 66" [_thread_blocked, id=5252, stack(0x000000b199f00000,0x000000b19a000000)]
  0x0000025a44bf2230 JavaThread "Unconstrained build operations Thread 67" [_thread_blocked, id=16344, stack(0x000000b19a000000,0x000000b19a100000)]
  0x0000025a44bf6a60 JavaThread "Unconstrained build operations Thread 68" [_thread_blocked, id=8228, stack(0x000000b19a100000,0x000000b19a200000)]
  0x0000025a44bf2700 JavaThread "Unconstrained build operations Thread 69" [_thread_blocked, id=11964, stack(0x000000b19a200000,0x000000b19a300000)]
  0x0000025a44bf30a0 JavaThread "Unconstrained build operations Thread 70" [_thread_blocked, id=9096, stack(0x000000b19a300000,0x000000b19a400000)]
  0x0000025a44bf6f30 JavaThread "Unconstrained build operations Thread 71" [_thread_blocked, id=19928, stack(0x000000b19a400000,0x000000b19a500000)]
  0x0000025a44befbb0 JavaThread "Unconstrained build operations Thread 72" [_thread_blocked, id=18344, stack(0x000000b19a500000,0x000000b19a600000)]
  0x0000025a44bf3570 JavaThread "Unconstrained build operations Thread 73" [_thread_blocked, id=9440, stack(0x000000b19a600000,0x000000b19a700000)]
  0x0000025a44bf3a40 JavaThread "Unconstrained build operations Thread 74" [_thread_blocked, id=7860, stack(0x000000b19a700000,0x000000b19a800000)]
  0x0000025a44bf3f10 JavaThread "Unconstrained build operations Thread 75" [_thread_blocked, id=11408, stack(0x000000b19a800000,0x000000b19a900000)]
  0x0000025a44bf0080 JavaThread "Unconstrained build operations Thread 76" [_thread_blocked, id=18208, stack(0x000000b19a900000,0x000000b19aa00000)]
  0x0000025a44bf43e0 JavaThread "Unconstrained build operations Thread 77" [_thread_blocked, id=8336, stack(0x000000b19aa00000,0x000000b19ab00000)]
  0x0000025a44bf48b0 JavaThread "Unconstrained build operations Thread 78" [_thread_blocked, id=18828, stack(0x000000b19ab00000,0x000000b19ac00000)]
  0x0000025a44bf4d80 JavaThread "Unconstrained build operations Thread 79" [_thread_blocked, id=9488, stack(0x000000b19ac00000,0x000000b19ad00000)]
  0x0000025a44bf5250 JavaThread "Unconstrained build operations Thread 80" [_thread_blocked, id=16400, stack(0x000000b19ad00000,0x000000b19ae00000)]
  0x0000025a44bf60c0 JavaThread "jar transforms Thread 8" [_thread_blocked, id=13224, stack(0x000000b19ae00000,0x000000b19af00000)]

Other Threads:
  0x0000025a43bb74f0 VMThread "VM Thread" [stack: 0x000000b192a00000,0x000000b192b00000] [id=13296]
  0x0000025a4489cdc0 WatcherThread [stack: 0x000000b193600000,0x000000b193700000] [id=12128]
  0x0000025a26dc2500 GCTaskThread "GC Thread#0" [stack: 0x000000b192500000,0x000000b192600000] [id=3272]
  0x0000025a4555f580 GCTaskThread "GC Thread#1" [stack: 0x000000b193800000,0x000000b193900000] [id=13432]
  0x0000025a4560ec30 GCTaskThread "GC Thread#2" [stack: 0x000000b193900000,0x000000b193a00000] [id=23188]
  0x0000025a45b98e40 GCTaskThread "GC Thread#3" [stack: 0x000000b193a00000,0x000000b193b00000] [id=12044]
  0x0000025a45ed1f00 GCTaskThread "GC Thread#4" [stack: 0x000000b193b00000,0x000000b193c00000] [id=16880]
  0x0000025a46e07760 GCTaskThread "GC Thread#5" [stack: 0x000000b194800000,0x000000b194900000] [id=19644]
  0x0000025a453a3850 GCTaskThread "GC Thread#6" [stack: 0x000000b194900000,0x000000b194a00000] [id=11724]
  0x0000025a47371200 GCTaskThread "GC Thread#7" [stack: 0x000000b194a00000,0x000000b194b00000] [id=5672]
  0x0000025a26dcf350 ConcurrentGCThread "G1 Main Marker" [stack: 0x000000b192600000,0x000000b192700000] [id=8864]
  0x0000025a26dd0410 ConcurrentGCThread "G1 Conc#0" [stack: 0x000000b192700000,0x000000b192800000] [id=17160]
  0x0000025a482cbf40 ConcurrentGCThread "G1 Conc#1" [stack: 0x000000b194b00000,0x000000b194c00000] [id=22124]
  0x0000025a26e43840 ConcurrentGCThread "G1 Refine#0" [stack: 0x000000b192800000,0x000000b192900000] [id=13720]
  0x0000025a26e44170 ConcurrentGCThread "G1 Service" [stack: 0x000000b192900000,0x000000b192a00000] [id=22020]

Threads with active compile tasks:
C2 CompilerThread0    17777 5769       4       java.util.zip.ZipFile$Source::initCEN (591 bytes)

VM state: not at safepoint (normal execution)

VM Mutex/Monitor currently owned by a thread: None

Heap address: 0x00000000a0000000, size: 1536 MB, Compressed Oops mode: 32-bit

CDS archive(s) mapped at: [0x0000000800000000-0x0000000800bc0000-0x0000000800bc0000), size 12320768, SharedBaseAddress: 0x0000000800000000, ArchiveRelocationMode: 0.
Compressed class space mapped at: 0x0000000800c00000-0x0000000840c00000, reserved size: 1073741824
Narrow klass base: 0x0000000800000000, Narrow klass shift: 0, Narrow klass range: 0x100000000

GC Precious Log:
 CPUs: 8 total, 8 available
 Memory: 6075M
 Large Page Support: Disabled
 NUMA Support: Disabled
 Compressed Oops: Enabled (32-bit)
 Heap Region Size: 1M
 Heap Min Capacity: 8M
 Heap Initial Capacity: 96M
 Heap Max Capacity: 1536M
 Pre-touch: Disabled
 Parallel Workers: 8
 Concurrent Workers: 2
 Concurrent Refinement Workers: 8
 Periodic GC: Disabled

Heap:
 garbage-first heap   total 75776K, used 38761K [0x00000000a0000000, 0x0000000100000000)
  region size 1024K, 8 young (8192K), 3 survivors (3072K)
 Metaspace       used 39223K, committed 39616K, reserved 1089536K
  class space    used 5358K, committed 5568K, reserved 1048576K

Heap Regions: E=young(eden), S=young(survivor), O=old, HS=humongous(starts), HC=humongous(continues), CS=collection set, F=free, OA=open archive, CA=closed archive, TAMS=top-at-mark-start (previous, next)
|   0|0x00000000a0000000, 0x00000000a0100000, 0x00000000a0100000|100%| O|  |TAMS 0x00000000a0100000, 0x00000000a0000000| Untracked 
|   1|0x00000000a0100000, 0x00000000a0200000, 0x00000000a0200000|100%| O|  |TAMS 0x00000000a0200000, 0x00000000a0100000| Untracked 
|   2|0x00000000a0200000, 0x00000000a0300000, 0x00000000a0300000|100%| O|  |TAMS 0x00000000a0300000, 0x00000000a0200000| Untracked 
|   3|0x00000000a0300000, 0x00000000a0400000, 0x00000000a0400000|100%|HS|  |TAMS 0x00000000a0400000, 0x00000000a0300000| Complete 
|   4|0x00000000a0400000, 0x00000000a0500000, 0x00000000a0500000|100%|HC|  |TAMS 0x00000000a0500000, 0x00000000a0400000| Complete 
|   5|0x00000000a0500000, 0x00000000a0600000, 0x00000000a0600000|100%|HC|  |TAMS 0x00000000a0600000, 0x00000000a0500000| Complete 
|   6|0x00000000a0600000, 0x00000000a0700000, 0x00000000a0700000|100%| O|  |TAMS 0x00000000a0700000, 0x00000000a0600000| Untracked 
|   7|0x00000000a0700000, 0x00000000a0800000, 0x00000000a0800000|100%| O|  |TAMS 0x00000000a0800000, 0x00000000a0700000| Untracked 
|   8|0x00000000a0800000, 0x00000000a0900000, 0x00000000a0900000|100%| O|  |TAMS 0x00000000a0900000, 0x00000000a0800000| Untracked 
|   9|0x00000000a0900000, 0x00000000a0a00000, 0x00000000a0a00000|100%| O|  |TAMS 0x00000000a0a00000, 0x00000000a0900000| Untracked 
|  10|0x00000000a0a00000, 0x00000000a0b00000, 0x00000000a0b00000|100%| O|  |TAMS 0x00000000a0b00000, 0x00000000a0a00000| Untracked 
|  11|0x00000000a0b00000, 0x00000000a0c00000, 0x00000000a0c00000|100%| O|  |TAMS 0x00000000a0c00000, 0x00000000a0b00000| Untracked 
|  12|0x00000000a0c00000, 0x00000000a0d00000, 0x00000000a0d00000|100%| O|  |TAMS 0x00000000a0d00000, 0x00000000a0c00000| Untracked 
|  13|0x00000000a0d00000, 0x00000000a0e00000, 0x00000000a0e00000|100%| O|  |TAMS 0x00000000a0e00000, 0x00000000a0d00000| Untracked 
|  14|0x00000000a0e00000, 0x00000000a0f00000, 0x00000000a0f00000|100%| O|  |TAMS 0x00000000a0f00000, 0x00000000a0e00000| Untracked 
|  15|0x00000000a0f00000, 0x00000000a1000000, 0x00000000a1000000|100%| O|  |TAMS 0x00000000a1000000, 0x00000000a0f00000| Untracked 
|  16|0x00000000a1000000, 0x00000000a1100000, 0x00000000a1100000|100%| O|  |TAMS 0x00000000a1100000, 0x00000000a1000000| Untracked 
|  17|0x00000000a1100000, 0x00000000a11ba600, 0x00000000a1200000| 72%| O|  |TAMS 0x00000000a11ba600, 0x00000000a1100000| Untracked 
|  18|0x00000000a1200000, 0x00000000a1300000, 0x00000000a1300000|100%| O|  |TAMS 0x00000000a1300000, 0x00000000a1200000| Untracked 
|  19|0x00000000a1300000, 0x00000000a1400000, 0x00000000a1400000|100%| O|  |TAMS 0x00000000a1400000, 0x00000000a1300000| Untracked 
|  20|0x00000000a1400000, 0x00000000a1500000, 0x00000000a1500000|100%| O|  |TAMS 0x00000000a1400000, 0x00000000a1400000| Untracked 
|  21|0x00000000a1500000, 0x00000000a1600000, 0x00000000a1600000|100%| O|  |TAMS 0x00000000a1600000, 0x00000000a1500000| Untracked 
|  22|0x00000000a1600000, 0x00000000a1700000, 0x00000000a1700000|100%| O|  |TAMS 0x00000000a1700000, 0x00000000a1600000| Untracked 
|  23|0x00000000a1700000, 0x00000000a1800000, 0x00000000a1800000|100%| O|  |TAMS 0x00000000a1800000, 0x00000000a1700000| Untracked 
|  24|0x00000000a1800000, 0x00000000a1900000, 0x00000000a1900000|100%| O|  |TAMS 0x00000000a1888400, 0x00000000a1800000| Untracked 
|  25|0x00000000a1900000, 0x00000000a1a00000, 0x00000000a1a00000|100%| O|  |TAMS 0x00000000a1900000, 0x00000000a1900000| Untracked 
|  26|0x00000000a1a00000, 0x00000000a1a94800, 0x00000000a1b00000| 58%| O|  |TAMS 0x00000000a1a00000, 0x00000000a1a00000| Untracked 
|  27|0x00000000a1b00000, 0x00000000a1c00000, 0x00000000a1c00000|100%|HS|  |TAMS 0x00000000a1b00000, 0x00000000a1b00000| Complete 
|  28|0x00000000a1c00000, 0x00000000a1c00000, 0x00000000a1d00000|  0%| F|  |TAMS 0x00000000a1c00000, 0x00000000a1c00000| Untracked 
|  29|0x00000000a1d00000, 0x00000000a1d00000, 0x00000000a1e00000|  0%| F|  |TAMS 0x00000000a1d00000, 0x00000000a1d00000| Untracked 
|  30|0x00000000a1e00000, 0x00000000a1f00000, 0x00000000a1f00000|100%| O|  |TAMS 0x00000000a1f00000, 0x00000000a1e00000| Untracked 
|  31|0x00000000a1f00000, 0x00000000a2000000, 0x00000000a2000000|100%| O|  |TAMS 0x00000000a2000000, 0x00000000a1f00000| Untracked 
|  32|0x00000000a2000000, 0x00000000a2100000, 0x00000000a2100000|100%| O|  |TAMS 0x00000000a2100000, 0x00000000a2000000| Untracked 
|  33|0x00000000a2100000, 0x00000000a2200000, 0x00000000a2200000|100%| O|  |TAMS 0x00000000a2200000, 0x00000000a2100000| Untracked 
|  34|0x00000000a2200000, 0x00000000a2300000, 0x00000000a2300000|100%| O|  |TAMS 0x00000000a2300000, 0x00000000a2200000| Untracked 
|  35|0x00000000a2300000, 0x00000000a2300000, 0x00000000a2400000|  0%| F|  |TAMS 0x00000000a2300000, 0x00000000a2300000| Untracked 
|  36|0x00000000a2400000, 0x00000000a2400000, 0x00000000a2500000|  0%| F|  |TAMS 0x00000000a2400000, 0x00000000a2400000| Untracked 
|  37|0x00000000a2500000, 0x00000000a2500000, 0x00000000a2600000|  0%| F|  |TAMS 0x00000000a2500000, 0x00000000a2500000| Untracked 
|  38|0x00000000a2600000, 0x00000000a2600000, 0x00000000a2700000|  0%| F|  |TAMS 0x00000000a2600000, 0x00000000a2600000| Untracked 
|  39|0x00000000a2700000, 0x00000000a2700000, 0x00000000a2800000|  0%| F|  |TAMS 0x00000000a2700000, 0x00000000a2700000| Untracked 
|  40|0x00000000a2800000, 0x00000000a2800000, 0x00000000a2900000|  0%| F|  |TAMS 0x00000000a2800000, 0x00000000a2800000| Untracked 
|  41|0x00000000a2900000, 0x00000000a2900000, 0x00000000a2a00000|  0%| F|  |TAMS 0x00000000a2900000, 0x00000000a2900000| Untracked 
|  42|0x00000000a2a00000, 0x00000000a2a00000, 0x00000000a2b00000|  0%| F|  |TAMS 0x00000000a2a00000, 0x00000000a2a00000| Untracked 
|  43|0x00000000a2b00000, 0x00000000a2b00000, 0x00000000a2c00000|  0%| F|  |TAMS 0x00000000a2b00000, 0x00000000a2b00000| Untracked 
|  44|0x00000000a2c00000, 0x00000000a2c00000, 0x00000000a2d00000|  0%| F|  |TAMS 0x00000000a2c00000, 0x00000000a2c00000| Untracked 
|  45|0x00000000a2d00000, 0x00000000a2d8b610, 0x00000000a2e00000| 54%| S|CS|TAMS 0x00000000a2d00000, 0x00000000a2d00000| Complete 
|  46|0x00000000a2e00000, 0x00000000a2e00000, 0x00000000a2f00000|  0%| F|  |TAMS 0x00000000a2e00000, 0x00000000a2e00000| Untracked 
|  47|0x00000000a2f00000, 0x00000000a2f00000, 0x00000000a3000000|  0%| F|  |TAMS 0x00000000a2f00000, 0x00000000a2f00000| Untracked 
|  48|0x00000000a3000000, 0x00000000a3000000, 0x00000000a3100000|  0%| F|  |TAMS 0x00000000a3000000, 0x00000000a3000000| Untracked 
|  49|0x00000000a3100000, 0x00000000a3200000, 0x00000000a3200000|100%| S|CS|TAMS 0x00000000a3100000, 0x00000000a3100000| Complete 
|  50|0x00000000a3200000, 0x00000000a3300000, 0x00000000a3300000|100%| S|CS|TAMS 0x00000000a3200000, 0x00000000a3200000| Complete 
|  51|0x00000000a3300000, 0x00000000a3300000, 0x00000000a3400000|  0%| F|  |TAMS 0x00000000a3300000, 0x00000000a3300000| Untracked 
|  52|0x00000000a3400000, 0x00000000a3400000, 0x00000000a3500000|  0%| F|  |TAMS 0x00000000a3400000, 0x00000000a3400000| Untracked 
|  53|0x00000000a3500000, 0x00000000a3500000, 0x00000000a3600000|  0%| F|  |TAMS 0x00000000a3500000, 0x00000000a3500000| Untracked 
|  54|0x00000000a3600000, 0x00000000a3600000, 0x00000000a3700000|  0%| F|  |TAMS 0x00000000a3600000, 0x00000000a3600000| Untracked 
|  55|0x00000000a3700000, 0x00000000a3700000, 0x00000000a3800000|  0%| F|  |TAMS 0x00000000a3700000, 0x00000000a3700000| Untracked 
|  56|0x00000000a3800000, 0x00000000a3800000, 0x00000000a3900000|  0%| F|  |TAMS 0x00000000a3800000, 0x00000000a3800000| Untracked 
|  57|0x00000000a3900000, 0x00000000a3900000, 0x00000000a3a00000|  0%| F|  |TAMS 0x00000000a3900000, 0x00000000a3900000| Untracked 
|  58|0x00000000a3a00000, 0x00000000a3a00000, 0x00000000a3b00000|  0%| F|  |TAMS 0x00000000a3a00000, 0x00000000a3a00000| Untracked 
|  59|0x00000000a3b00000, 0x00000000a3b00000, 0x00000000a3c00000|  0%| F|  |TAMS 0x00000000a3b00000, 0x00000000a3b00000| Untracked 
|  60|0x00000000a3c00000, 0x00000000a3c00000, 0x00000000a3d00000|  0%| F|  |TAMS 0x00000000a3c00000, 0x00000000a3c00000| Untracked 
|  61|0x00000000a3d00000, 0x00000000a3d00000, 0x00000000a3e00000|  0%| F|  |TAMS 0x00000000a3d00000, 0x00000000a3d00000| Untracked 
|  62|0x00000000a3e00000, 0x00000000a3e00000, 0x00000000a3f00000|  0%| F|  |TAMS 0x00000000a3e00000, 0x00000000a3e00000| Untracked 
|  63|0x00000000a3f00000, 0x00000000a3f00000, 0x00000000a4000000|  0%| F|  |TAMS 0x00000000a3f00000, 0x00000000a3f00000| Untracked 
|  64|0x00000000a4000000, 0x00000000a4000000, 0x00000000a4100000|  0%| F|  |TAMS 0x00000000a4000000, 0x00000000a4000000| Untracked 
|  65|0x00000000a4100000, 0x00000000a4100000, 0x00000000a4200000|  0%| F|  |TAMS 0x00000000a4100000, 0x00000000a4100000| Untracked 
|  66|0x00000000a4200000, 0x00000000a4200000, 0x00000000a4300000|  0%| F|  |TAMS 0x00000000a4200000, 0x00000000a4200000| Untracked 
|  67|0x00000000a4300000, 0x00000000a4300000, 0x00000000a4400000|  0%| F|  |TAMS 0x00000000a4300000, 0x00000000a4300000| Untracked 
|  68|0x00000000a4400000, 0x00000000a4400000, 0x00000000a4500000|  0%| F|  |TAMS 0x00000000a4400000, 0x00000000a4400000| Untracked 
|  69|0x00000000a4500000, 0x00000000a45e2828, 0x00000000a4600000| 88%| E|  |TAMS 0x00000000a4500000, 0x00000000a4500000| Complete 
|  86|0x00000000a5600000, 0x00000000a5700000, 0x00000000a5700000|100%| E|  |TAMS 0x00000000a5600000, 0x00000000a5600000| Complete 
|  87|0x00000000a5700000, 0x00000000a5800000, 0x00000000a5800000|100%| E|CS|TAMS 0x00000000a5700000, 0x00000000a5700000| Complete 
|  88|0x00000000a5800000, 0x00000000a5900000, 0x00000000a5900000|100%| E|CS|TAMS 0x00000000a5800000, 0x00000000a5800000| Complete 
|  95|0x00000000a5f00000, 0x00000000a6000000, 0x00000000a6000000|100%| E|CS|TAMS 0x00000000a5f00000, 0x00000000a5f00000| Complete 

Card table byte_map: [0x0000025a3dc10000,0x0000025a3df10000] _byte_map_base: 0x0000025a3d710000

Marking Bits (Prev, Next): (CMBitMap*) 0x0000025a26dc2a20, (CMBitMap*) 0x0000025a26dc2a60
 Prev Bits: [0x0000025a3e210000, 0x0000025a3fa10000)
 Next Bits: [0x0000025a3fa10000, 0x0000025a41210000)

Polling page: 0x0000025a24d80000

Metaspace:

Usage:
  Non-class:     33.07 MB used.
      Class:      5.23 MB used.
       Both:     38.30 MB used.

Virtual space:
  Non-class space:       40.00 MB reserved,      33.25 MB ( 83%) committed,  5 nodes.
      Class space:        1.00 GB reserved,       5.44 MB ( <1%) committed,  1 nodes.
             Both:        1.04 GB reserved,      38.69 MB (  4%) committed. 

Chunk freelists:
   Non-Class:  2.69 MB
       Class:  2.48 MB
        Both:  5.17 MB

MaxMetaspaceSize: unlimited
CompressedClassSpaceSize: 1.00 GB
Initial GC threshold: 21.00 MB
Current GC threshold: 58.69 MB
CDS: on
MetaspaceReclaimPolicy: balanced
 - commit_granule_bytes: 65536.
 - commit_granule_words: 8192.
 - virtual_space_node_default_size: 1048576.
 - enlarge_chunks_in_place: 1.
 - new_chunks_are_fully_committed: 0.
 - uncommit_free_chunks: 1.
 - use_allocation_guard: 0.
 - handle_deallocations: 1.


Internal statistics:

num_allocs_failed_limit: 6.
num_arena_births: 386.
num_arena_deaths: 0.
num_vsnodes_births: 6.
num_vsnodes_deaths: 0.
num_space_committed: 619.
num_space_uncommitted: 0.
num_chunks_returned_to_freelist: 6.
num_chunks_taken_from_freelist: 1838.
num_chunk_merges: 6.
num_chunk_splits: 1249.
num_chunks_enlarged: 870.
num_purges: 0.
num_inconsistent_stats: 0.

CodeHeap 'non-profiled nmethods': size=120000Kb used=2586Kb max_used=3300Kb free=117413Kb
 bounds [0x0000025a360b0000, 0x0000025a363f0000, 0x0000025a3d5e0000]
CodeHeap 'profiled nmethods': size=120000Kb used=9398Kb max_used=10455Kb free=110601Kb
 bounds [0x0000025a2eb80000, 0x0000025a2f5c0000, 0x0000025a360b0000]
CodeHeap 'non-nmethods': size=5760Kb used=2301Kb max_used=2359Kb free=3458Kb
 bounds [0x0000025a2e5e0000, 0x0000025a2e850000, 0x0000025a2eb80000]
 total_blobs=5815 nmethods=5002 adapters=725
 compilation: enabled
              stopped_count=0, restarted_count=0
 full_count=0

Compilation events (20 events):
Event: 17.381 Thread 0x0000025a43bed030 nmethod 5759 0x0000025a360d7090 code [0x0000025a360d7200, 0x0000025a360d7298]
Event: 17.382 Thread 0x0000025a43bf4170 5760       3       sun.nio.fs.WindowsFileSystemProvider::readAttributes (63 bytes)
Event: 17.382 Thread 0x0000025a43bf4170 nmethod 5760 0x0000025a2ee58d90 code [0x0000025a2ee58f80, 0x0000025a2ee59538]
Event: 17.382 Thread 0x0000025a43bf4170 5761       3       sun.nio.fs.WindowsFileAttributeViews$Basic::readAttributes (5 bytes)
Event: 17.383 Thread 0x0000025a43bf4170 nmethod 5761 0x0000025a2f2b8610 code [0x0000025a2f2b8800, 0x0000025a2f2b8da8]
Event: 17.383 Thread 0x0000025a43bf4170 5762   !   3       sun.nio.fs.WindowsFileAttributeViews$Basic::readAttributes (30 bytes)
Event: 17.383 Thread 0x0000025a43bf4170 nmethod 5762 0x0000025a2f2b7d10 code [0x0000025a2f2b7f00, 0x0000025a2f2b8448]
Event: 17.396 Thread 0x0000025a43bed030 5763 %     4       java.util.zip.ZipFile$Source::initCEN @ 240 (591 bytes)
Event: 17.410 Thread 0x0000025a43bf4170 5764       3       java.lang.invoke.DirectMethodHandle$Holder::invokeStatic (14 bytes)
Event: 17.410 Thread 0x0000025a43bf4170 nmethod 5764 0x0000025a2ec1a490 code [0x0000025a2ec1a660, 0x0000025a2ec1ab78]
Event: 17.410 Thread 0x0000025a43bf4170 5765       3       java.lang.invoke.DirectMethodHandle$Holder::invokeStatic (17 bytes)
Event: 17.411 Thread 0x0000025a43bf4170 nmethod 5765 0x0000025a2ec19d10 code [0x0000025a2ec19ee0, 0x0000025a2ec1a398]
Event: 17.411 Thread 0x0000025a43bf4170 5766       3       java.lang.invoke.LambdaForm$MH/0x0000000800cc1800::invoke (32 bytes)
Event: 17.411 Thread 0x0000025a43bf4170 nmethod 5766 0x0000025a2ec19510 code [0x0000025a2ec196e0, 0x0000025a2ec19bb8]
Event: 17.411 Thread 0x0000025a43bf4170 5767       3       java.lang.invoke.DirectMethodHandle$Holder::invokeStatic (21 bytes)
Event: 17.411 Thread 0x0000025a43bf4170 nmethod 5767 0x0000025a2ec51590 code [0x0000025a2ec51760, 0x0000025a2ec51c58]
Event: 17.411 Thread 0x0000025a43bf4170 5768       1       javax.management.ObjectName::getCanonicalName (5 bytes)
Event: 17.411 Thread 0x0000025a43bf4170 nmethod 5768 0x0000025a360f4010 code [0x0000025a360f41a0, 0x0000025a360f4278]
Event: 17.528 Thread 0x0000025a43bed030 nmethod 5763% 0x0000025a3612c310 code [0x0000025a3612c600, 0x0000025a3612f270]
Event: 17.630 Thread 0x0000025a43bed030 5769       4       java.util.zip.ZipFile$Source::initCEN (591 bytes)

GC Heap History (20 events):
Event: 1.589 GC heap before
{Heap before GC invocations=1 (full 0):
 garbage-first heap   total 98304K, used 38944K [0x00000000a0000000, 0x0000000100000000)
  region size 1024K, 31 young (31744K), 3 survivors (3072K)
 Metaspace       used 3935K, committed 4160K, reserved 1056768K
  class space    used 477K, committed 576K, reserved 1048576K
}
Event: 1.596 GC heap after
{Heap after GC invocations=2 (full 0):
 garbage-first heap   total 98304K, used 13079K [0x00000000a0000000, 0x0000000100000000)
  region size 1024K, 4 young (4096K), 4 survivors (4096K)
 Metaspace       used 3935K, committed 4160K, reserved 1056768K
  class space    used 477K, committed 576K, reserved 1048576K
}
Event: 4.739 GC heap before
{Heap before GC invocations=2 (full 0):
 garbage-first heap   total 98304K, used 65303K [0x00000000a0000000, 0x0000000100000000)
  region size 1024K, 55 young (56320K), 4 survivors (4096K)
 Metaspace       used 13915K, committed 14144K, reserved 1064960K
  class space    used 2014K, committed 2112K, reserved 1048576K
}
Event: 4.748 GC heap after
{Heap after GC invocations=3 (full 0):
 garbage-first heap   total 98304K, used 18061K [0x00000000a0000000, 0x0000000100000000)
  region size 1024K, 7 young (7168K), 7 survivors (7168K)
 Metaspace       used 13915K, committed 14144K, reserved 1064960K
  class space    used 2014K, committed 2112K, reserved 1048576K
}
Event: 6.986 GC heap before
{Heap before GC invocations=3 (full 0):
 garbage-first heap   total 98304K, used 61069K [0x00000000a0000000, 0x0000000100000000)
  region size 1024K, 50 young (51200K), 7 survivors (7168K)
 Metaspace       used 20489K, committed 20736K, reserved 1073152K
  class space    used 3031K, committed 3136K, reserved 1048576K
}
Event: 6.992 GC heap after
{Heap after GC invocations=4 (full 0):
 garbage-first heap   total 98304K, used 20870K [0x00000000a0000000, 0x0000000100000000)
  region size 1024K, 3 young (3072K), 3 survivors (3072K)
 Metaspace       used 20489K, committed 20736K, reserved 1073152K
  class space    used 3031K, committed 3136K, reserved 1048576K
}
Event: 7.281 GC heap before
{Heap before GC invocations=4 (full 0):
 garbage-first heap   total 98304K, used 27014K [0x00000000a0000000, 0x0000000100000000)
  region size 1024K, 10 young (10240K), 3 survivors (3072K)
 Metaspace       used 21263K, committed 21504K, reserved 1073152K
  class space    used 3156K, committed 3264K, reserved 1048576K
}
Event: 7.283 GC heap after
{Heap after GC invocations=5 (full 0):
 garbage-first heap   total 98304K, used 21106K [0x00000000a0000000, 0x0000000100000000)
  region size 1024K, 3 young (3072K), 3 survivors (3072K)
 Metaspace       used 21263K, committed 21504K, reserved 1073152K
  class space    used 3156K, committed 3264K, reserved 1048576K
}
Event: 10.103 GC heap before
{Heap before GC invocations=6 (full 0):
 garbage-first heap   total 75776K, used 62066K [0x00000000a0000000, 0x0000000100000000)
  region size 1024K, 44 young (45056K), 3 survivors (3072K)
 Metaspace       used 29221K, committed 29504K, reserved 1081344K
  class space    used 4128K, committed 4224K, reserved 1048576K
}
Event: 10.109 GC heap after
{Heap after GC invocations=7 (full 0):
 garbage-first heap   total 75776K, used 25793K [0x00000000a0000000, 0x0000000100000000)
  region size 1024K, 6 young (6144K), 6 survivors (6144K)
 Metaspace       used 29221K, committed 29504K, reserved 1081344K
  class space    used 4128K, committed 4224K, reserved 1048576K
}
Event: 12.180 GC heap before
{Heap before GC invocations=7 (full 0):
 garbage-first heap   total 75776K, used 57537K [0x00000000a0000000, 0x0000000100000000)
  region size 1024K, 35 young (35840K), 6 survivors (6144K)
 Metaspace       used 31890K, committed 32192K, reserved 1081344K
  class space    used 4401K, committed 4544K, reserved 1048576K
}
Event: 12.186 GC heap after
{Heap after GC invocations=8 (full 0):
 garbage-first heap   total 75776K, used 28988K [0x00000000a0000000, 0x0000000100000000)
  region size 1024K, 4 young (4096K), 4 survivors (4096K)
 Metaspace       used 31890K, committed 32192K, reserved 1081344K
  class space    used 4401K, committed 4544K, reserved 1048576K
}
Event: 13.450 GC heap before
{Heap before GC invocations=8 (full 0):
 garbage-first heap   total 75776K, used 55612K [0x00000000a0000000, 0x0000000100000000)
  region size 1024K, 30 young (30720K), 4 survivors (4096K)
 Metaspace       used 34786K, committed 35136K, reserved 1081344K
  class space    used 4753K, committed 4928K, reserved 1048576K
}
Event: 13.456 GC heap after
{Heap after GC invocations=9 (full 0):
 garbage-first heap   total 75776K, used 31780K [0x00000000a0000000, 0x0000000100000000)
  region size 1024K, 3 young (3072K), 3 survivors (3072K)
 Metaspace       used 34786K, committed 35136K, reserved 1081344K
  class space    used 4753K, committed 4928K, reserved 1048576K
}
Event: 13.798 GC heap before
{Heap before GC invocations=9 (full 0):
 garbage-first heap   total 75776K, used 37924K [0x00000000a0000000, 0x0000000100000000)
  region size 1024K, 11 young (11264K), 3 survivors (3072K)
 Metaspace       used 35589K, committed 35968K, reserved 1081344K
  class space    used 4893K, committed 5120K, reserved 1048576K
}
Event: 13.801 GC heap after
{Heap after GC invocations=10 (full 0):
 garbage-first heap   total 75776K, used 32216K [0x00000000a0000000, 0x0000000100000000)
  region size 1024K, 1 young (1024K), 1 survivors (1024K)
 Metaspace       used 35589K, committed 35968K, reserved 1081344K
  class space    used 4893K, committed 5120K, reserved 1048576K
}
Event: 15.620 GC heap before
{Heap before GC invocations=11 (full 0):
 garbage-first heap   total 75776K, used 56792K [0x00000000a0000000, 0x0000000100000000)
  region size 1024K, 25 young (25600K), 1 survivors (1024K)
 Metaspace       used 38186K, committed 38592K, reserved 1089536K
  class space    used 5249K, committed 5440K, reserved 1048576K
}
Event: 15.623 GC heap after
{Heap after GC invocations=12 (full 0):
 garbage-first heap   total 75776K, used 33745K [0x00000000a0000000, 0x0000000100000000)
  region size 1024K, 3 young (3072K), 3 survivors (3072K)
 Metaspace       used 38186K, committed 38592K, reserved 1089536K
  class space    used 5249K, committed 5440K, reserved 1048576K
}
Event: 17.168 GC heap before
{Heap before GC invocations=12 (full 0):
 garbage-first heap   total 75776K, used 56273K [0x00000000a0000000, 0x0000000100000000)
  region size 1024K, 26 young (26624K), 3 survivors (3072K)
 Metaspace       used 39084K, committed 39488K, reserved 1089536K
  class space    used 5344K, committed 5504K, reserved 1048576K
}
Event: 17.171 GC heap after
{Heap after GC invocations=13 (full 0):
 garbage-first heap   total 75776K, used 34665K [0x00000000a0000000, 0x0000000100000000)
  region size 1024K, 3 young (3072K), 3 survivors (3072K)
 Metaspace       used 39084K, committed 39488K, reserved 1089536K
  class space    used 5344K, committed 5504K, reserved 1048576K
}

Deoptimization events (20 events):
Event: 16.358 Thread 0x0000025a465d6c30 DEOPT PACKING pc=0x0000025a2eef72dc sp=0x000000b1941f80c0
Event: 16.358 Thread 0x0000025a465d6c30 DEOPT UNPACKING pc=0x0000025a2e632b43 sp=0x000000b1941f7640 mode 0
Event: 16.430 Thread 0x0000025a44cd4260 Uncommon trap: trap_request=0xffffffcc fr.pc=0x0000025a363e2598 relative=0x0000000000001378
Event: 16.430 Thread 0x0000025a44cd4260 Uncommon trap: reason=intrinsic_or_type_checked_inlining action=make_not_entrant pc=0x0000025a363e2598 method=java.util.ArrayList.toArray([Ljava/lang/Object;)[Ljava/lang/Object; @ 36 c2
Event: 16.430 Thread 0x0000025a44cd4260 DEOPT PACKING pc=0x0000025a363e2598 sp=0x000000b1962fde60
Event: 16.430 Thread 0x0000025a44cd4260 DEOPT UNPACKING pc=0x0000025a2e6323a3 sp=0x000000b1962fdda8 mode 2
Event: 16.462 Thread 0x0000025a44cd38c0 DEOPT PACKING pc=0x0000025a2eef72dc sp=0x000000b195efd5f0
Event: 16.462 Thread 0x0000025a44cd38c0 DEOPT UNPACKING pc=0x0000025a2e632b43 sp=0x000000b195efcb70 mode 0
Event: 16.546 Thread 0x0000025a45fad9d0 DEOPT PACKING pc=0x0000025a2eef72dc sp=0x000000b198dfd320
Event: 16.546 Thread 0x0000025a45fad9d0 DEOPT UNPACKING pc=0x0000025a2e632b43 sp=0x000000b198dfc8a0 mode 0
Event: 16.602 Thread 0x0000025a45fabcf0 DEOPT PACKING pc=0x0000025a2eef72dc sp=0x000000b198ffd6e0
Event: 16.602 Thread 0x0000025a45fabcf0 DEOPT UNPACKING pc=0x0000025a2e632b43 sp=0x000000b198ffcc60 mode 0
Event: 16.660 Thread 0x0000025a465d3740 DEOPT PACKING pc=0x0000025a2ec3ffbd sp=0x000000b1944fea40
Event: 16.660 Thread 0x0000025a465d3740 DEOPT UNPACKING pc=0x0000025a2e632b43 sp=0x000000b1944fdec8 mode 0
Event: 16.696 Thread 0x0000025a44cd1be0 DEOPT PACKING pc=0x0000025a2eef72dc sp=0x000000b1964fde70
Event: 16.696 Thread 0x0000025a44cd1be0 DEOPT UNPACKING pc=0x0000025a2e632b43 sp=0x000000b1964fd3f0 mode 0
Event: 16.971 Thread 0x0000025a465d3c10 DEOPT PACKING pc=0x0000025a2f46adc3 sp=0x000000b1945fe490
Event: 16.971 Thread 0x0000025a465d3c10 DEOPT UNPACKING pc=0x0000025a2e632b43 sp=0x000000b1945fd918 mode 0
Event: 17.322 Thread 0x0000025a465d6c30 DEOPT PACKING pc=0x0000025a2ec7f7d9 sp=0x000000b1941f9660
Event: 17.322 Thread 0x0000025a465d6c30 DEOPT UNPACKING pc=0x0000025a2e632b43 sp=0x000000b1941f8b58 mode 0

Classes unloaded (0 events):
No events

Classes redefined (0 events):
No events

Internal exceptions (20 events):
Event: 14.062 Thread 0x0000025a465d6c30 Exception <a 'java/lang/NoSuchMethodError'{0x00000000a43a2568}: 'java.lang.Object java.lang.invoke.DelegatingMethodHandle$Holder.reinvoke_L(java.lang.Object, java.lang.Object, java.lang.Object, java.lang.Object, java.lang.Object, java.lang.Object, java.lang.Object, java.lang.Object, java.lang.Object, java.lang.Object, java.lang.Object, java.lang.Object, java.lang.Object, java.lang.Object, java.lang.Object, java.lang.Object, java.lang.Object, java.lang.Object, java.lang.Object, java.lang.Object, java.lang.O
Event: 14.064 Thread 0x0000025a465d6c30 Exception <a 'java/lang/NoSuchMethodError'{0x00000000a43ae288}: 'java.lang.Object java.lang.invoke.Invokers$Holder.invoker(java.lang.Object, java.lang.Object, java.lang.Object, java.lang.Object, java.lang.Object, java.lang.Object, java.lang.Object, java.lang.Object, java.lang.Object, java.lang.Object, java.lang.Object, java.lang.Object, java.lang.Object, java.lang.Object, java.lang.Object, java.lang.Object, java.lang.Object, java.lang.Object, java.lang.Object, java.lang.Object, java.lang.Object)'> (0x00000
Event: 14.065 Thread 0x0000025a465d6c30 Exception <a 'java/lang/NoSuchMethodError'{0x00000000a43b5210}: 'java.lang.Object java.lang.invoke.DelegatingMethodHandle$Holder.delegate(java.lang.Object, java.lang.Object, java.lang.Object, java.lang.Object, java.lang.Object, java.lang.Object, java.lang.Object, java.lang.Object, java.lang.Object, java.lang.Object, java.lang.Object, java.lang.Object, java.lang.Object, java.lang.Object, java.lang.Object, java.lang.Object, java.lang.Object, java.lang.Object, java.lang.Object, java.lang.Object, java.lang.Obj
Event: 14.092 Thread 0x0000025a465d6c30 Exception <a 'java/lang/NoSuchMethodError'{0x00000000a42432a8}: 'java.lang.Object java.lang.invoke.DirectMethodHandle$Holder.invokeStatic(java.lang.Object, java.lang.Object, java.lang.Object, java.lang.Object, java.lang.Object, java.lang.Object, java.lang.Object, java.lang.Object, java.lang.Object, java.lang.Object, java.lang.Object, java.lang.Object, java.lang.Object, java.lang.Object, java.lang.Object, java.lang.Object, java.lang.Object)'> (0x00000000a42432a8) 
thrown [t:\workspace\open\src\hotspot\share
Event: 14.097 Thread 0x0000025a465d6c30 Exception <a 'java/lang/NoSuchMethodError'{0x00000000a426b170}: 'java.lang.Object java.lang.invoke.DirectMethodHandle$Holder.invokeStatic(java.lang.Object, java.lang.Object, java.lang.Object, java.lang.Object, java.lang.Object, java.lang.Object, java.lang.Object, java.lang.Object, java.lang.Object, java.lang.Object, java.lang.Object, java.lang.Object, java.lang.Object, java.lang.Object, java.lang.Object, java.lang.Object, java.lang.Object, java.lang.Object)'> (0x00000000a426b170) 
thrown [t:\workspace\open
Event: 14.102 Thread 0x0000025a465d6c30 Exception <a 'java/lang/NoSuchMethodError'{0x00000000a4293cb0}: 'java.lang.Object java.lang.invoke.DirectMethodHandle$Holder.invokeStatic(java.lang.Object, java.lang.Object, java.lang.Object, java.lang.Object, java.lang.Object, java.lang.Object, java.lang.Object, java.lang.Object, java.lang.Object, java.lang.Object, java.lang.Object, java.lang.Object, java.lang.Object, java.lang.Object, java.lang.Object, java.lang.Object, java.lang.Object, java.lang.Object, java.lang.Object)'> (0x00000000a4293cb0) 
thrown 
Event: 14.108 Thread 0x0000025a465d6c30 Exception <a 'java/lang/NoSuchMethodError'{0x00000000a42bda70}: 'java.lang.Object java.lang.invoke.DirectMethodHandle$Holder.invokeStatic(java.lang.Object, java.lang.Object, java.lang.Object, java.lang.Object, java.lang.Object, java.lang.Object, java.lang.Object, java.lang.Object, java.lang.Object, java.lang.Object, java.lang.Object, java.lang.Object, java.lang.Object, java.lang.Object, java.lang.Object, java.lang.Object, java.lang.Object, java.lang.Object, java.lang.Object, java.lang.Object)'> (0x00000000
Event: 14.112 Thread 0x0000025a465d6c30 Exception <a 'java/lang/NoSuchMethodError'{0x00000000a42e88d8}: 'java.lang.Object java.lang.invoke.DirectMethodHandle$Holder.invokeStatic(java.lang.Object, java.lang.Object, java.lang.Object, java.lang.Object, java.lang.Object, java.lang.Object, java.lang.Object, java.lang.Object, java.lang.Object, java.lang.Object, java.lang.Object, java.lang.Object, java.lang.Object, java.lang.Object, java.lang.Object, java.lang.Object, java.lang.Object, java.lang.Object, java.lang.Object, java.lang.Object, java.lang.Obj
Event: 14.132 Thread 0x0000025a465d6c30 Exception <a 'java/lang/NoSuchMethodError'{0x00000000a4015070}: 'java.lang.Object java.lang.invoke.DirectMethodHandle$Holder.invokeStatic(java.lang.Object, java.lang.Object, java.lang.Object, java.lang.Object, java.lang.Object, java.lang.Object, java.lang.Object, java.lang.Object, java.lang.Object, java.lang.Object, java.lang.Object, java.lang.Object, java.lang.Object, java.lang.Object, java.lang.Object, java.lang.Object, java.lang.Object, java.lang.Object, java.lang.Object, java.lang.Object, java.lang.Obj
Event: 14.152 Thread 0x0000025a465d6c30 Exception <a 'java/lang/NoSuchMethodError'{0x00000000a40420b8}: 'java.lang.Object java.lang.invoke.DirectMethodHandle$Holder.invokeStatic(java.lang.Object, java.lang.Object, java.lang.Object, java.lang.Object, java.lang.Object, java.lang.Object, java.lang.Object, java.lang.Object, java.lang.Object, java.lang.Object, java.lang.Object, java.lang.Object, java.lang.Object, java.lang.Object, java.lang.Object, java.lang.Object, java.lang.Object, java.lang.Object, java.lang.Object, java.lang.Object, java.lang.Obj
Event: 14.164 Thread 0x0000025a465d6c30 Exception <a 'java/lang/NoSuchMethodError'{0x00000000a4071838}: 'java.lang.Object java.lang.invoke.DirectMethodHandle$Holder.invokeStatic(java.lang.Object, java.lang.Object, java.lang.Object, java.lang.Object, java.lang.Object, java.lang.Object, java.lang.Object, java.lang.Object, java.lang.Object, java.lang.Object, java.lang.Object, java.lang.Object, java.lang.Object, java.lang.Object, java.lang.Object, java.lang.Object, java.lang.Object, java.lang.Object, java.lang.Object, java.lang.Object, java.lang.Obj
Event: 14.298 Thread 0x0000025a465d6c30 Exception <a 'java/lang/NoSuchMethodError'{0x00000000a3e84a80}: 'int java.lang.invoke.DirectMethodHandle$Holder.invokeInterface(java.lang.Object, java.lang.Object)'> (0x00000000a3e84a80) 
thrown [t:\workspace\open\src\hotspot\share\interpreter\linkResolver.cpp, line 766]
Event: 14.300 Thread 0x0000025a465d6c30 Exception <a 'java/lang/IncompatibleClassChangeError'{0x00000000a3e88d58}: Found class java.lang.Object, but interface was expected> (0x00000000a3e88d58) 
thrown [t:\workspace\open\src\hotspot\share\interpreter\linkResolver.cpp, line 833]
Event: 14.301 Thread 0x0000025a465d6c30 Exception <a 'java/lang/NoSuchMethodError'{0x00000000a3e90788}: 'int java.lang.invoke.DirectMethodHandle$Holder.invokeSpecialIFC(java.lang.Object, java.lang.Object, java.lang.Object, java.lang.Object, java.lang.Object)'> (0x00000000a3e90788) 
thrown [t:\workspace\open\src\hotspot\share\interpreter\linkResolver.cpp, line 766]
Event: 14.898 Thread 0x0000025a465d6c30 Exception <a 'java/lang/NoSuchMethodError'{0x00000000a3562928}: 'int java.lang.invoke.DirectMethodHandle$Holder.invokeStatic(java.lang.Object)'> (0x00000000a3562928) 
thrown [t:\workspace\open\src\hotspot\share\interpreter\linkResolver.cpp, line 766]
Event: 14.899 Thread 0x0000025a465d6c30 Exception <a 'java/lang/NoSuchMethodError'{0x00000000a3566d18}: 'int java.lang.invoke.DirectMethodHandle$Holder.invokeStaticInit(java.lang.Object)'> (0x00000000a3566d18) 
thrown [t:\workspace\open\src\hotspot\share\interpreter\linkResolver.cpp, line 766]
Event: 15.999 Thread 0x0000025a465d6c30 Exception <a 'java/lang/NoSuchMethodError'{0x00000000a560eda8}: 'void java.lang.invoke.DirectMethodHandle$Holder.invokeStatic(java.lang.Object, java.lang.Object, java.lang.Object, java.lang.Object, java.lang.Object, java.lang.Object)'> (0x00000000a560eda8) 
thrown [t:\workspace\open\src\hotspot\share\interpreter\linkResolver.cpp, line 766]
Event: 16.231 Thread 0x0000025a465d6c30 Exception <a 'java/lang/NoSuchMethodError'{0x00000000a44f65b8}: 'void java.lang.invoke.DirectMethodHandle$Holder.invokeStatic(java.lang.Object, java.lang.Object, java.lang.Object, int, java.lang.Object)'> (0x00000000a44f65b8) 
thrown [t:\workspace\open\src\hotspot\share\interpreter\linkResolver.cpp, line 766]
Event: 17.350 Thread 0x0000025a465d6c30 Exception <a 'java/lang/ClassNotFoundException'{0x00000000a562ce60}: build_36zepf4f3nujbapvdzfwvuyofBeanInfo> (0x00000000a562ce60) 
thrown [t:\workspace\open\src\hotspot\share\classfile\systemDictionary.cpp, line 256]
Event: 17.350 Thread 0x0000025a465d6c30 Exception <a 'java/lang/ClassNotFoundException'{0x00000000a5633680}: build_36zepf4f3nujbapvdzfwvuyofCustomizer> (0x00000000a5633680) 
thrown [t:\workspace\open\src\hotspot\share\classfile\systemDictionary.cpp, line 256]

VM Operations (20 events):
Event: 15.620 Executing VM operation: G1CollectForAllocation
Event: 15.623 Executing VM operation: G1CollectForAllocation done
Event: 15.987 Executing VM operation: HandshakeAllThreads
Event: 15.987 Executing VM operation: HandshakeAllThreads done
Event: 16.162 Executing VM operation: HandshakeAllThreads
Event: 16.162 Executing VM operation: HandshakeAllThreads done
Event: 16.170 Executing VM operation: ICBufferFull
Event: 16.171 Executing VM operation: ICBufferFull done
Event: 16.274 Executing VM operation: HandshakeAllThreads
Event: 16.274 Executing VM operation: HandshakeAllThreads done
Event: 16.427 Executing VM operation: HandshakeAllThreads
Event: 16.497 Executing VM operation: HandshakeAllThreads done
Event: 16.530 Executing VM operation: HandshakeAllThreads
Event: 16.530 Executing VM operation: HandshakeAllThreads done
Event: 16.546 Executing VM operation: HandshakeAllThreads
Event: 16.547 Executing VM operation: HandshakeAllThreads done
Event: 16.551 Executing VM operation: ICBufferFull
Event: 16.552 Executing VM operation: ICBufferFull done
Event: 17.168 Executing VM operation: G1CollectForAllocation
Event: 17.171 Executing VM operation: G1CollectForAllocation done

Events (20 events):
Event: 16.558 Thread 0x0000025a43bfee60 flushing nmethod 0x0000025a2f44f190
Event: 16.558 Thread 0x0000025a43bfee60 flushing nmethod 0x0000025a2f44fb90
Event: 16.558 Thread 0x0000025a43bfee60 flushing nmethod 0x0000025a2f450290
Event: 16.558 Thread 0x0000025a43bfee60 flushing nmethod 0x0000025a2f450710
Event: 16.558 Thread 0x0000025a43bfee60 flushing nmethod 0x0000025a2f451690
Event: 16.558 Thread 0x0000025a43bfee60 flushing nmethod 0x0000025a2f451d10
Event: 16.558 Thread 0x0000025a43bfee60 flushing nmethod 0x0000025a2f452810
Event: 16.558 Thread 0x0000025a43bfee60 flushing nmethod 0x0000025a2f456a10
Event: 16.558 Thread 0x0000025a43bfee60 flushing nmethod 0x0000025a2f458510
Event: 16.558 Thread 0x0000025a43bfee60 flushing nmethod 0x0000025a2f468210
Event: 16.558 Thread 0x0000025a43bfee60 flushing nmethod 0x0000025a2f469390
Event: 16.558 Thread 0x0000025a43bfee60 flushing nmethod 0x0000025a2f46eb10
Event: 16.558 Thread 0x0000025a43bfee60 flushing nmethod 0x0000025a2f476110
Event: 16.558 Thread 0x0000025a43bfee60 flushing nmethod 0x0000025a2f488210
Event: 16.558 Thread 0x0000025a43bfee60 flushing nmethod 0x0000025a2f4b2090
Event: 16.559 Thread 0x0000025a43bfee60 flushing nmethod 0x0000025a2f4ffc10
Event: 16.559 Thread 0x0000025a43bfee60 flushing nmethod 0x0000025a2f500310
Event: 16.559 Thread 0x0000025a43bfee60 flushing nmethod 0x0000025a2f510210
Event: 16.959 Thread 0x0000025a44bf60c0 Thread added: 0x0000025a44bf60c0
Event: 17.167 Thread 0x0000025a46195290 Thread exited: 0x0000025a46195290


Dynamic libraries:
0x00007ff73e060000 - 0x00007ff73e070000 	C:\Program Files\Java\jdk-17.0.2\bin\java.exe
0x00007fffb75d0000 - 0x00007fffb77c8000 	C:\Windows\SYSTEM32\ntdll.dll
0x00007fff8fb10000 - 0x00007fff8fb27000 	C:\Program Files\AVG\Antivirus\aswhook.dll
0x00007fffb5fc0000 - 0x00007fffb607f000 	C:\Windows\System32\KERNEL32.DLL
0x00007fffb4fc0000 - 0x00007fffb5292000 	C:\Windows\System32\KERNELBASE.dll
0x00007fffa75a0000 - 0x00007fffa75b8000 	C:\Program Files\Java\jdk-17.0.2\bin\jli.dll
0x00007fff94060000 - 0x00007fff9407a000 	C:\Program Files\Java\jdk-17.0.2\bin\VCRUNTIME140.dll
0x00007fffb4ec0000 - 0x00007fffb4fc0000 	C:\Windows\System32\ucrtbase.dll
0x00007fffb5bf0000 - 0x00007fffb5c9e000 	C:\Windows\System32\ADVAPI32.dll
0x00007fffb6080000 - 0x00007fffb611e000 	C:\Windows\System32\msvcrt.dll
0x00007fffb5ea0000 - 0x00007fffb5f3c000 	C:\Windows\System32\sechost.dll
0x00007fffb57d0000 - 0x00007fffb58f5000 	C:\Windows\System32\RPCRT4.dll
0x00007fffb6120000 - 0x00007fffb62c1000 	C:\Windows\System32\USER32.dll
0x00007fffb4cc0000 - 0x00007fffb4ce2000 	C:\Windows\System32\win32u.dll
0x00007fffb6c60000 - 0x00007fffb6c8b000 	C:\Windows\System32\GDI32.dll
0x00007fff8e940000 - 0x00007fff8ebda000 	C:\Windows\WinSxS\amd64_microsoft.windows.common-controls_6595b64144ccf1df_6.0.19041.1110_none_60b5254171f9507e\COMCTL32.dll
0x00007fffb52a0000 - 0x00007fffb53af000 	C:\Windows\System32\gdi32full.dll
0x00007fffb4cf0000 - 0x00007fffb4d8d000 	C:\Windows\System32\msvcp_win.dll
0x00007fffabe60000 - 0x00007fffabe6a000 	C:\Windows\SYSTEM32\VERSION.dll
0x00007fffb5ad0000 - 0x00007fffb5b02000 	C:\Windows\System32\IMM32.DLL
0x00007fffa7ac0000 - 0x00007fffa7acc000 	C:\Program Files\Java\jdk-17.0.2\bin\vcruntime140_1.dll
0x00007fff86a10000 - 0x00007fff86a9d000 	C:\Program Files\Java\jdk-17.0.2\bin\msvcp140.dll
0x00007fff62790000 - 0x00007fff63351000 	C:\Program Files\Java\jdk-17.0.2\bin\server\jvm.dll
0x00007fffb5e30000 - 0x00007fffb5e38000 	C:\Windows\System32\PSAPI.DLL
0x00007fffabe70000 - 0x00007fffabe97000 	C:\Windows\SYSTEM32\WINMM.dll
0x00007fffa1160000 - 0x00007fffa1169000 	C:\Windows\SYSTEM32\WSOCK32.dll
0x00007fffb5dc0000 - 0x00007fffb5e2b000 	C:\Windows\System32\WS2_32.dll
0x00007fffb2ba0000 - 0x00007fffb2bb2000 	C:\Windows\SYSTEM32\kernel.appcore.dll
0x00007fffa79b0000 - 0x00007fffa79ba000 	C:\Program Files\Java\jdk-17.0.2\bin\jimage.dll
0x00007fffa3d30000 - 0x00007fffa3f14000 	C:\Windows\SYSTEM32\DBGHELP.DLL
0x00007fffa3cf0000 - 0x00007fffa3d25000 	C:\Windows\SYSTEM32\dbgcore.DLL
0x00007fffb53b0000 - 0x00007fffb5432000 	C:\Windows\System32\bcryptPrimitives.dll
0x00007fff8cb70000 - 0x00007fff8cb95000 	C:\Program Files\Java\jdk-17.0.2\bin\java.dll
0x00007fff83ce0000 - 0x00007fff83db6000 	C:\Program Files\Java\jdk-17.0.2\bin\jsvml.dll
0x00007fffb6360000 - 0x00007fffb6aa5000 	C:\Windows\System32\SHELL32.dll
0x00007fffb2da0000 - 0x00007fffb3532000 	C:\Windows\SYSTEM32\windows.storage.dll
0x00007fffb6dc0000 - 0x00007fffb7115000 	C:\Windows\System32\combase.dll
0x00007fffb4640000 - 0x00007fffb4670000 	C:\Windows\SYSTEM32\Wldp.dll
0x00007fffb5720000 - 0x00007fffb57cd000 	C:\Windows\System32\SHCORE.dll
0x00007fffb5b90000 - 0x00007fffb5be5000 	C:\Windows\System32\shlwapi.dll
0x00007fffb4c00000 - 0x00007fffb4c1f000 	C:\Windows\SYSTEM32\profapi.dll
0x00007fff92550000 - 0x00007fff92569000 	C:\Program Files\Java\jdk-17.0.2\bin\net.dll
0x00007fffadcc0000 - 0x00007fffaddcc000 	C:\Windows\SYSTEM32\WINHTTP.dll
0x00007fffb43a0000 - 0x00007fffb440a000 	C:\Windows\system32\mswsock.dll
0x00007fff91a90000 - 0x00007fff91aa6000 	C:\Program Files\Java\jdk-17.0.2\bin\nio.dll
0x00007fff909e0000 - 0x00007fff909f8000 	C:\Program Files\Java\jdk-17.0.2\bin\zip.dll
0x00007fffa7590000 - 0x00007fffa75a0000 	C:\Program Files\Java\jdk-17.0.2\bin\verify.dll
0x00007fff8b7d0000 - 0x00007fff8b7f7000 	C:\Users\DJELFA SHOP\.gradle\native\e1d6ef7f7dcc3fd88c89a11ec53ec762bb8ba0a96d01ffa2cd45eb1d1d8dd5c5\windows-amd64\native-platform.dll
0x00007fff7f880000 - 0x00007fff7f9c4000 	C:\Users\DJELFA SHOP\.gradle\native\0d407fdbe67a94daf76414ababcb853783967236a71b16ec16e742cd7a986fd3\windows-amd64\native-platform-file-events.dll
0x00007fffa6950000 - 0x00007fffa6959000 	C:\Program Files\Java\jdk-17.0.2\bin\management.dll
0x00007fffa66c0000 - 0x00007fffa66cb000 	C:\Program Files\Java\jdk-17.0.2\bin\management_ext.dll
0x00007fffb45a0000 - 0x00007fffb45b8000 	C:\Windows\SYSTEM32\CRYPTSP.dll
0x00007fffb3cc0000 - 0x00007fffb3cf4000 	C:\Windows\system32\rsaenh.dll
0x00007fffb4e40000 - 0x00007fffb4e67000 	C:\Windows\System32\bcrypt.dll
0x00007fffb4bc0000 - 0x00007fffb4bee000 	C:\Windows\SYSTEM32\USERENV.dll
0x00007fffb4590000 - 0x00007fffb459c000 	C:\Windows\SYSTEM32\CRYPTBASE.dll
0x00007fffb4090000 - 0x00007fffb40cb000 	C:\Windows\SYSTEM32\IPHLPAPI.DLL
0x00007fffb5fb0000 - 0x00007fffb5fb8000 	C:\Windows\System32\NSI.dll
0x00007fffadaf0000 - 0x00007fffadb07000 	C:\Windows\SYSTEM32\dhcpcsvc6.DLL
0x00007fffae730000 - 0x00007fffae74d000 	C:\Windows\SYSTEM32\dhcpcsvc.DLL
0x00007fffb40d0000 - 0x00007fffb419b000 	C:\Windows\SYSTEM32\DNSAPI.dll
0x00007fffa3f90000 - 0x00007fffa3f9e000 	C:\Program Files\Java\jdk-17.0.2\bin\sunmscapi.dll
0x00007fffb54b0000 - 0x00007fffb5606000 	C:\Windows\System32\CRYPT32.dll
0x00007fffb46b0000 - 0x00007fffb46d7000 	C:\Windows\SYSTEM32\ncrypt.dll
0x00007fffb4670000 - 0x00007fffb46ab000 	C:\Windows\SYSTEM32\NTASN1.dll
0x00007fffa4550000 - 0x00007fffa4557000 	C:\Windows\system32\wshunix.dll

dbghelp: loaded successfully - version: 4.0.5 - missing functions: none
symbol engine: initialized successfully - sym options: 0x614 - pdb path: .;C:\Program Files\Java\jdk-17.0.2\bin;C:\Windows\SYSTEM32;C:\Program Files\AVG\Antivirus;C:\Windows\WinSxS\amd64_microsoft.windows.common-controls_6595b64144ccf1df_6.0.19041.1110_none_60b5254171f9507e;C:\Program Files\Java\jdk-17.0.2\bin\server;C:\Users\DJELFA SHOP\.gradle\native\e1d6ef7f7dcc3fd88c89a11ec53ec762bb8ba0a96d01ffa2cd45eb1d1d8dd5c5\windows-amd64;C:\Users\DJELFA SHOP\.gradle\native\0d407fdbe67a94daf76414ababcb853783967236a71b16ec16e742cd7a986fd3\windows-amd64

VM Arguments:
jvm_args: --add-opens=java.base/java.util=ALL-UNNAMED --add-opens=java.base/java.lang=ALL-UNNAMED --add-opens=java.base/java.lang.invoke=ALL-UNNAMED --add-opens=java.base/java.util=ALL-UNNAMED --add-opens=java.prefs/java.util.prefs=ALL-UNNAMED --add-opens=java.prefs/java.util.prefs=ALL-UNNAMED --add-opens=java.base/java.nio.charset=ALL-UNNAMED --add-opens=java.base/java.net=ALL-UNNAMED --add-opens=java.base/java.util.concurrent.atomic=ALL-UNNAMED -Xmx1536m -Dfile.encoding=utf8 -Duser.country=DZ -Duser.language=ar -Duser.variant 
java_command: org.gradle.launcher.daemon.bootstrap.GradleDaemon 7.4.2
java_class_path (initial): C:\Users\DJELFA SHOP\.gradle\wrapper\dists\gradle-7.4.2-all\9uukhhbclvbegdvsww0j0cr3p\gradle-7.4.2\lib\gradle-launcher-7.4.2.jar
Launcher Type: SUN_STANDARD

[Global flags]
     intx CICompilerCount                          = 4                                         {product} {ergonomic}
     uint ConcGCThreads                            = 2                                         {product} {ergonomic}
     uint G1ConcRefinementThreads                  = 8                                         {product} {ergonomic}
   size_t G1HeapRegionSize                         = 1048576                                   {product} {ergonomic}
    uintx GCDrainStackTargetSize                   = 64                                        {product} {ergonomic}
   size_t InitialHeapSize                          = 100663296                                 {product} {ergonomic}
   size_t MarkStackSize                            = 4194304                                   {product} {ergonomic}
   size_t MaxHeapSize                              = 1610612736                                {product} {command line}
   size_t MaxNewSize                               = 965738496                                 {product} {ergonomic}
   size_t MinHeapDeltaBytes                        = 1048576                                   {product} {ergonomic}
   size_t MinHeapSize                              = 8388608                                   {product} {ergonomic}
    uintx NonNMethodCodeHeapSize                   = 5839372                                {pd product} {ergonomic}
    uintx NonProfiledCodeHeapSize                  = 122909434                              {pd product} {ergonomic}
    uintx ProfiledCodeHeapSize                     = 122909434                              {pd product} {ergonomic}
    uintx ReservedCodeCacheSize                    = 251658240                              {pd product} {ergonomic}
     bool SegmentedCodeCache                       = true                                      {product} {ergonomic}
   size_t SoftMaxHeapSize                          = 1610612736                             {manageable} {ergonomic}
     bool UseCompressedClassPointers               = true                           {product lp64_product} {ergonomic}
     bool UseCompressedOops                        = true                           {product lp64_product} {ergonomic}
     bool UseG1GC                                  = true                                      {product} {ergonomic}
     bool UseLargePagesIndividualAllocation        = false                                  {pd product} {ergonomic}

Logging:
Log output configuration:
 #0: stdout all=warning uptime,level,tags
 #1: stderr all=off uptime,level,tags

Environment Variables:
JAVA_HOME=C:\Program Files\Java\jdk-17.0.2
PATH=C:\Program Files\Common Files\Oracle\Java\javapath;C:\Program Files (x86)\Common Files\Oracle\Java\javapath;C:\Windows\system32;C:\Windows;C:\Windows\System32\Wbem;C:\Windows\System32\WindowsPowerShell\v1.0\;C:\Windows\System32\OpenSSH\;C:\Program Files (x86)\dotnet\;C:\xampp\php;C:\ProgramData\ComposerSetup\bin;C:\Program Files\Git\cmd;C:\ProgramData\chocolatey\bin;C:\Program Files\nodejs\;C:\Program Files\OpenJDK\openjdk-11.0.13_8\bin;C:\Users\DJELFA SHOP\AppData\Local\Android\Sdk\tools\bin;C:\Users\DJELFA SHOP\AppData\Local\Android\Sdk\platform-tools;C:\Users\DJELFA SHOP\AppData\Local\Android\Sdk\emulator;C:\Users\DJELFA SHOP\AppData\Local\Android\Sdk\build-tools;C:\Users\DJELFA SHOP\.gradle\wrapper\dists\gradle-7.3.3-all\4295vidhdd9hd3gbjyw1xqxpo\gradle-7.3.3\bin;C:\Users\DJELFA SHOP\AppData\Local\Microsoft\WindowsApps;C:\Users\DJELFA SHOP\AppData\Local\Programs\Microsoft VS Code\bin;C:\Users\DJELFA SHOP\AppData\Roaming\Composer\vendor\bin;C:\Users\DJELFA SHOP\AppData\Roaming\npm;C:\Users\DJELFA SHOP\AppData\Local\Android\Sdk\platform-tools;C:\Program Files\heroku\bin;C:\Users\DJELFA SHOP\AppData\Local\Android\Sdk\platform-tools;
USERNAME=DJELFA SHOP
OS=Windows_NT
PROCESSOR_IDENTIFIER=AMD64 Family 23 Model 24 Stepping 1, AuthenticAMD



---------------  S Y S T E M  ---------------

OS:
 Windows 10 , 64 bit Build 19041 (10.0.19041.2546)
OS uptime: 5 days 13:18 hours

CPU: total 8 (initial active 8) (8 cores per cpu, 2 threads per core) family 23 model 24 stepping 1 microcode 0x0, cx8, cmov, fxsr, ht, mmx, 3dnowpref, sse, sse2, sse3, ssse3, sse4a, sse4.1, sse4.2, popcnt, lzcnt, tsc, tscinvbit, avx, avx2, aes, clmul, bmi1, bmi2, adx, sha, fma, vzeroupper, clflush, clflushopt

Memory: 4k page, system-wide physical 6075M (439M free)
TotalPageFile size 18612M (AvailPageFile size 6M)
current process WorkingSet (physical memory assigned to process): 225M, peak: 231M
current process commit charge ("private bytes"): 267M, peak: 279M

vm_info: Java HotSpot(TM) 64-Bit Server VM (17.0.2+8-LTS-86) for windows-amd64 JRE (17.0.2+8-LTS-86), built on Dec  7 2021 21:51:03 by "mach5one" with MS VC++ 16.8 / 16.9 (VS2019)

END.
